<?xml version="1.0" encoding="UTF-8"?>
<testsuite xmlns:xsi="http://www.w3.org/2001/XMLSchema-instance" xsi:noNamespaceSchemaLocation="https://maven.apache.org/surefire/maven-surefire-plugin/xsd/surefire-test-report-3.0.xsd" version="3.0" name="exampleproject.CalculatorTest" time="0.05" tests="2" errors="0" skipped="0" failures="0">
  <properties>
    <property name="java.specification.version" value="23"/>
    <property name="sun.jnu.encoding" value="UTF-8"/>
    <property name="java.class.path" value="/Users/erlend/Objektorientert/SnakeRacer/prosjekt_tdt4100/target/test-classes:/Users/erlend/.m2/repository/org/openjfx/javafx-base/23.0.2/javafx-base-23.0.2.jar:/Users/erlend/.m2/repository/org/openjfx/javafx-graphics/23.0.2/javafx-graphics-23.0.2.jar:/Users/erlend/.m2/repository/org/openjfx/javafx-fxml/23.0.2/javafx-fxml-23.0.2.jar:/Users/erlend/.m2/repository/org/openjfx/javafx-controls/23.0.2/javafx-controls-23.0.2.jar:/Users/erlend/.m2/repository/org/junit/jupiter/junit-jupiter-engine/5.10.1/junit-jupiter-engine-5.10.1.jar:/Users/erlend/.m2/repository/org/junit/platform/junit-platform-engine/1.10.1/junit-platform-engine-1.10.1.jar:/Users/erlend/.m2/repository/org/opentest4j/opentest4j/1.3.0/opentest4j-1.3.0.jar:/Users/erlend/.m2/repository/org/junit/platform/junit-platform-commons/1.10.1/junit-platform-commons-1.10.1.jar:/Users/erlend/.m2/repository/org/junit/jupiter/junit-jupiter-api/5.10.1/junit-jupiter-api-5.10.1.jar:/Users/erlend/.m2/repository/org/apiguardian/apiguardian-api/1.1.2/apiguardian-api-1.1.2.jar:"/>
    <property name="java.vm.vendor" value="Eclipse Adoptium"/>
    <property name="sun.arch.data.model" value="64"/>
    <property name="java.vendor.url" value="https://adoptium.net/"/>
    <property name="os.name" value="Mac OS X"/>
    <property name="java.vm.specification.version" value="23"/>
    <property name="sun.java.launcher" value="SUN_STANDARD"/>
    <property name="user.country" value="NO"/>
    <property name="sun.boot.library.path" value="/Library/Java/JavaVirtualMachines/temurin-23.jdk/Contents/Home/lib"/>
    <property name="sun.java.command" value="org.apache.maven.surefire.booter.ForkedBooter /Users/erlend/Objektorientert/SnakeRacer/prosjekt_tdt4100/target/surefire 2025-04-09T22-11-07_729-jvmRun1 surefire-20250409221108461_1tmp surefire_0-20250409221108461_2tmp"/>
    <property name="http.nonProxyHosts" value="local|*.local|169.254/16|*.169.254/16"/>
    <property name="jdk.debug" value="release"/>
    <property name="surefire.test.class.path" value="/Users/erlend/Objektorientert/SnakeRacer/prosjekt_tdt4100/target/test-classes:/Users/erlend/.m2/repository/org/openjfx/javafx-base/23.0.2/javafx-base-23.0.2.jar:/Users/erlend/.m2/repository/org/openjfx/javafx-graphics/23.0.2/javafx-graphics-23.0.2.jar:/Users/erlend/.m2/repository/org/openjfx/javafx-fxml/23.0.2/javafx-fxml-23.0.2.jar:/Users/erlend/.m2/repository/org/openjfx/javafx-controls/23.0.2/javafx-controls-23.0.2.jar:/Users/erlend/.m2/repository/org/junit/jupiter/junit-jupiter-engine/5.10.1/junit-jupiter-engine-5.10.1.jar:/Users/erlend/.m2/repository/org/junit/platform/junit-platform-engine/1.10.1/junit-platform-engine-1.10.1.jar:/Users/erlend/.m2/repository/org/opentest4j/opentest4j/1.3.0/opentest4j-1.3.0.jar:/Users/erlend/.m2/repository/org/junit/platform/junit-platform-commons/1.10.1/junit-platform-commons-1.10.1.jar:/Users/erlend/.m2/repository/org/junit/jupiter/junit-jupiter-api/5.10.1/junit-jupiter-api-5.10.1.jar:/Users/erlend/.m2/repository/org/apiguardian/apiguardian-api/1.1.2/apiguardian-api-1.1.2.jar:"/>
    <property name="sun.cpu.endian" value="little"/>
    <property name="user.home" value="/Users/erlend"/>
    <property name="user.language" value="nb"/>
    <property name="java.specification.vendor" value="Oracle Corporation"/>
    <property name="jdk.module.path" value="/Users/erlend/Objektorientert/SnakeRacer/prosjekt_tdt4100/target/classes:/Users/erlend/.m2/repository/org/openjfx/javafx-base/23.0.2/javafx-base-23.0.2-mac.jar:/Users/erlend/.m2/repository/org/openjfx/javafx-graphics/23.0.2/javafx-graphics-23.0.2-mac.jar:/Users/erlend/.m2/repository/org/openjfx/javafx-fxml/23.0.2/javafx-fxml-23.0.2-mac.jar:/Users/erlend/.m2/repository/org/openjfx/javafx-controls/23.0.2/javafx-controls-23.0.2-mac.jar"/>
    <property name="java.version.date" value="2024-10-15"/>
    <property name="java.home" value="/Library/Java/JavaVirtualMachines/temurin-23.jdk/Contents/Home"/>
    <property name="file.separator" value="/"/>
    <property name="basedir" value="/Users/erlend/Objektorientert/SnakeRacer/prosjekt_tdt4100"/>
    <property name="java.vm.compressedOopsMode" value="Zero based"/>
    <property name="line.separator" value="&#10;"/>
    <property name="java.vm.specification.vendor" value="Oracle Corporation"/>
    <property name="java.specification.name" value="Java Platform API Specification"/>
    <property name="apple.awt.application.name" value="ForkedBooter"/>
    <property name="surefire.real.class.path" value="/Users/erlend/.m2/repository/org/apache/maven/surefire/surefire-booter/3.2.5/surefire-booter-3.2.5.jar:/Users/erlend/.m2/repository/org/apache/maven/surefire/surefire-api/3.2.5/surefire-api-3.2.5.jar:/Users/erlend/.m2/repository/org/apache/maven/surefire/surefire-logger-api/3.2.5/surefire-logger-api-3.2.5.jar:/Users/erlend/.m2/repository/org/apache/maven/surefire/surefire-shared-utils/3.2.5/surefire-shared-utils-3.2.5.jar:/Users/erlend/.m2/repository/org/apache/maven/surefire/surefire-extensions-spi/3.2.5/surefire-extensions-spi-3.2.5.jar:/Users/erlend/Objektorientert/SnakeRacer/prosjekt_tdt4100/target/test-classes:/Users/erlend/.m2/repository/org/openjfx/javafx-base/23.0.2/javafx-base-23.0.2.jar:/Users/erlend/.m2/repository/org/openjfx/javafx-graphics/23.0.2/javafx-graphics-23.0.2.jar:/Users/erlend/.m2/repository/org/openjfx/javafx-fxml/23.0.2/javafx-fxml-23.0.2.jar:/Users/erlend/.m2/repository/org/openjfx/javafx-controls/23.0.2/javafx-controls-23.0.2.jar:/Users/erlend/.m2/repository/org/junit/jupiter/junit-jupiter-engine/5.10.1/junit-jupiter-engine-5.10.1.jar:/Users/erlend/.m2/repository/org/junit/platform/junit-platform-engine/1.10.1/junit-platform-engine-1.10.1.jar:/Users/erlend/.m2/repository/org/opentest4j/opentest4j/1.3.0/opentest4j-1.3.0.jar:/Users/erlend/.m2/repository/org/junit/platform/junit-platform-commons/1.10.1/junit-platform-commons-1.10.1.jar:/Users/erlend/.m2/repository/org/junit/jupiter/junit-jupiter-api/5.10.1/junit-jupiter-api-5.10.1.jar:/Users/erlend/.m2/repository/org/apiguardian/apiguardian-api/1.1.2/apiguardian-api-1.1.2.jar:/Users/erlend/.m2/repository/org/apache/maven/surefire/surefire-junit-platform/3.2.5/surefire-junit-platform-3.2.5.jar:/Users/erlend/.m2/repository/org/apache/maven/surefire/common-java5/3.2.5/common-java5-3.2.5.jar:/Users/erlend/.m2/repository/org/junit/platform/junit-platform-launcher/1.10.1/junit-platform-launcher-1.10.1.jar"/>
    <property name="sun.management.compiler" value="HotSpot 64-Bit Tiered Compilers"/>
    <property name="ftp.nonProxyHosts" value="local|*.local|169.254/16|*.169.254/16"/>
    <property name="java.runtime.version" value="23.0.1+11"/>
    <property name="user.name" value="erlend"/>
    <property name="stdout.encoding" value="UTF-8"/>
    <property name="path.separator" value=":"/>
    <property name="os.version" value="11.4"/>
    <property name="java.runtime.name" value="OpenJDK Runtime Environment"/>
    <property name="file.encoding" value="UTF-8"/>
    <property name="java.vm.name" value="OpenJDK 64-Bit Server VM"/>
    <property name="java.vendor.version" value="Temurin-23.0.1+11"/>
    <property name="localRepository" value="/Users/erlend/.m2/repository"/>
    <property name="java.vendor.url.bug" value="https://github.com/adoptium/adoptium-support/issues"/>
    <property name="java.io.tmpdir" value="/var/folders/8k/p5w8dqfx7dv91f5sqvv4yjw80000gn/T/"/>
    <property name="java.version" value="23.0.1"/>
    <property name="user.dir" value="/Users/erlend/Objektorientert/SnakeRacer/prosjekt_tdt4100"/>
    <property name="os.arch" value="x86_64"/>
    <property name="java.vm.specification.name" value="Java Virtual Machine Specification"/>
    <property name="native.encoding" value="UTF-8"/>
    <property name="java.library.path" value="/Users/erlend/Library/Java/Extensions:/Library/Java/Extensions:/Network/Library/Java/Extensions:/System/Library/Java/Extensions:/usr/lib/java:."/>
    <property name="java.vm.info" value="mixed mode"/>
    <property name="stderr.encoding" value="UTF-8"/>
    <property name="java.vendor" value="Eclipse Adoptium"/>
    <property name="java.vm.version" value="23.0.1+11"/>
    <property name="sun.io.unicode.encoding" value="UnicodeBig"/>
    <property name="socksNonProxyHosts" value="local|*.local|169.254/16|*.169.254/16"/>
    <property name="java.class.version" value="67.0"/>
  </properties>
  <testcase name="testCalculate" classname="exampleproject.CalculatorTest" time="0.023"/>
  <testcase name="testConstructor" classname="exampleproject.CalculatorTest" time="0.004"/>
</testsuite>